<?xml version="1.0" encoding="UTF-8"?>
<coverage generated="1649250746200" clover="3.2.0">
  <project timestamp="1649250746200" name="All files">
    <metrics statements="147" coveredstatements="132" conditionals="65" coveredconditionals="57" methods="31" coveredmethods="28" elements="243" coveredelements="217" complexity="0" loc="147" ncloc="147" packages="8" files="8" classes="8"/>
    <package name="dist">
      <metrics statements="19" coveredstatements="18" conditionals="7" coveredconditionals="6" methods="3" coveredmethods="2"/>
      <file name="server.js" path="C:\Users\yonib\Desktop\Node projects\project1\dist\server.js">
        <metrics statements="19" coveredstatements="18" conditionals="7" coveredconditionals="6" methods="3" coveredmethods="2"/>
        <line num="2" count="1" type="cond" truecount="3" falsecount="0"/>
        <line num="3" count="5" type="cond" truecount="3" falsecount="1"/>
        <line num="6" count="1" type="stmt"/>
        <line num="7" count="1" type="stmt"/>
        <line num="8" count="1" type="stmt"/>
        <line num="9" count="1" type="stmt"/>
        <line num="11" count="1" type="stmt"/>
        <line num="12" count="1" type="stmt"/>
        <line num="13" count="1" type="stmt"/>
        <line num="14" count="1" type="stmt"/>
        <line num="15" count="0" type="stmt"/>
        <line num="17" count="1" type="stmt"/>
        <line num="18" count="1" type="stmt"/>
        <line num="21" count="1" type="stmt"/>
        <line num="22" count="1" type="stmt"/>
        <line num="23" count="1" type="stmt"/>
        <line num="25" count="1" type="stmt"/>
        <line num="26" count="1" type="stmt"/>
        <line num="27" count="1" type="stmt"/>
      </file>
    </package>
    <package name="dist.controller">
      <metrics statements="47" coveredstatements="40" conditionals="32" coveredconditionals="29" methods="16" coveredmethods="15"/>
      <file name="post.js" path="C:\Users\yonib\Desktop\Node projects\project1\dist\controller\post.js">
        <metrics statements="47" coveredstatements="40" conditionals="32" coveredconditionals="29" methods="16" coveredmethods="15"/>
        <line num="2" count="1" type="cond" truecount="3" falsecount="0"/>
        <line num="3" count="6" type="cond" truecount="2" falsecount="0"/>
        <line num="4" count="6" type="cond" truecount="2" falsecount="0"/>
        <line num="5" count="6" type="stmt"/>
        <line num="6" count="0" type="stmt"/>
        <line num="7" count="12" type="cond" truecount="2" falsecount="0"/>
        <line num="8" count="6" type="cond" truecount="2" falsecount="0"/>
        <line num="11" count="1" type="cond" truecount="3" falsecount="0"/>
        <line num="12" count="1" type="cond" truecount="3" falsecount="1"/>
        <line num="14" count="1" type="stmt"/>
        <line num="20" count="2" type="stmt"/>
        <line num="21" count="2" type="stmt"/>
        <line num="22" count="2" type="stmt"/>
        <line num="23" count="2" type="stmt"/>
        <line num="25" count="2" type="cond" truecount="4" falsecount="0"/>
        <line num="26" count="1" type="stmt"/>
        <line num="29" count="1" type="stmt"/>
        <line num="31" count="2" type="stmt"/>
        <line num="34" count="0" type="stmt"/>
        <line num="39" count="2" type="stmt"/>
        <line num="40" count="2" type="stmt"/>
        <line num="41" count="2" type="stmt"/>
        <line num="42" count="2" type="cond" truecount="3" falsecount="1"/>
        <line num="43" count="0" type="stmt"/>
        <line num="45" count="2" type="stmt"/>
        <line num="46" count="2" type="stmt"/>
        <line num="47" count="2" type="cond" truecount="2" falsecount="0"/>
        <line num="48" count="1" type="stmt"/>
        <line num="53" count="1" type="stmt"/>
        <line num="57" count="0" type="stmt"/>
        <line num="67" count="1" type="stmt"/>
        <line num="68" count="1" type="stmt"/>
        <line num="69" count="1" type="stmt"/>
        <line num="73" count="1" type="stmt"/>
        <line num="74" count="1" type="stmt"/>
        <line num="75" count="1" type="stmt"/>
        <line num="78" count="0" type="stmt"/>
        <line num="83" count="1" type="stmt"/>
        <line num="84" count="1" type="stmt"/>
        <line num="85" count="1" type="stmt"/>
        <line num="86" count="1" type="cond" truecount="3" falsecount="1"/>
        <line num="87" count="0" type="stmt"/>
        <line num="89" count="1" type="stmt"/>
        <line num="90" count="1" type="stmt"/>
        <line num="91" count="1" type="stmt"/>
        <line num="94" count="0" type="stmt"/>
        <line num="99" count="1" type="stmt"/>
      </file>
    </package>
    <package name="dist.models">
      <metrics statements="5" coveredstatements="5" conditionals="7" coveredconditionals="6" methods="1" coveredmethods="1"/>
      <file name="post_model.js" path="C:\Users\yonib\Desktop\Node projects\project1\dist\models\post_model.js">
        <metrics statements="5" coveredstatements="5" conditionals="7" coveredconditionals="6" methods="1" coveredmethods="1"/>
        <line num="2" count="1" type="cond" truecount="3" falsecount="0"/>
        <line num="3" count="1" type="cond" truecount="3" falsecount="1"/>
        <line num="5" count="1" type="stmt"/>
        <line num="6" count="1" type="stmt"/>
        <line num="16" count="1" type="stmt"/>
      </file>
    </package>
    <package name="dist.routes">
      <metrics statements="10" coveredstatements="10" conditionals="7" coveredconditionals="6" methods="1" coveredmethods="1"/>
      <file name="post_routes.js" path="C:\Users\yonib\Desktop\Node projects\project1\dist\routes\post_routes.js">
        <metrics statements="10" coveredstatements="10" conditionals="7" coveredconditionals="6" methods="1" coveredmethods="1"/>
        <line num="2" count="1" type="cond" truecount="3" falsecount="0"/>
        <line num="3" count="2" type="cond" truecount="3" falsecount="1"/>
        <line num="5" count="1" type="stmt"/>
        <line num="6" count="1" type="stmt"/>
        <line num="7" count="1" type="stmt"/>
        <line num="8" count="1" type="stmt"/>
        <line num="9" count="1" type="stmt"/>
        <line num="10" count="1" type="stmt"/>
        <line num="11" count="1" type="stmt"/>
        <line num="12" count="1" type="stmt"/>
      </file>
    </package>
    <package name="src">
      <metrics statements="17" coveredstatements="16" conditionals="0" coveredconditionals="0" methods="2" coveredmethods="1"/>
      <file name="server.ts" path="C:\Users\yonib\Desktop\Node projects\project1\src\server.ts">
        <metrics statements="17" coveredstatements="16" conditionals="0" coveredconditionals="0" methods="2" coveredmethods="1"/>
        <line num="2" count="1" type="stmt"/>
        <line num="3" count="1" type="stmt"/>
        <line num="4" count="1" type="stmt"/>
        <line num="5" count="1" type="stmt"/>
        <line num="7" count="1" type="stmt"/>
        <line num="8" count="1" type="stmt"/>
        <line num="9" count="1" type="stmt"/>
        <line num="10" count="1" type="stmt"/>
        <line num="11" count="0" type="stmt"/>
        <line num="13" count="1" type="stmt"/>
        <line num="14" count="1" type="stmt"/>
        <line num="18" count="1" type="stmt"/>
        <line num="19" count="1" type="stmt"/>
        <line num="20" count="1" type="stmt"/>
        <line num="23" count="1" type="stmt"/>
        <line num="24" count="1" type="stmt"/>
        <line num="26" count="1" type="stmt"/>
      </file>
    </package>
    <package name="src.controller">
      <metrics statements="38" coveredstatements="32" conditionals="12" coveredconditionals="10" methods="8" coveredmethods="8"/>
      <file name="post.ts" path="C:\Users\yonib\Desktop\Node projects\project1\src\controller\post.ts">
        <metrics statements="38" coveredstatements="32" conditionals="12" coveredconditionals="10" methods="8" coveredmethods="8"/>
        <line num="1" count="1" type="stmt"/>
        <line num="8" count="2" type="stmt"/>
        <line num="9" count="2" type="stmt"/>
        <line num="11" count="2" type="stmt"/>
        <line num="12" count="2" type="stmt"/>
        <line num="14" count="2" type="cond" truecount="4" falsecount="0"/>
        <line num="15" count="1" type="stmt"/>
        <line num="17" count="1" type="stmt"/>
        <line num="19" count="2" type="stmt"/>
        <line num="21" count="0" type="stmt"/>
        <line num="27" count="2" type="stmt"/>
        <line num="28" count="2" type="stmt"/>
        <line num="29" count="2" type="stmt"/>
        <line num="30" count="2" type="cond" truecount="2" falsecount="1"/>
        <line num="31" count="0" type="stmt"/>
        <line num="33" count="2" type="stmt"/>
        <line num="34" count="2" type="stmt"/>
        <line num="35" count="2" type="cond" truecount="2" falsecount="0"/>
        <line num="36" count="1" type="stmt"/>
        <line num="40" count="1" type="stmt"/>
        <line num="43" count="0" type="stmt"/>
        <line num="54" count="1" type="stmt"/>
        <line num="55" count="1" type="stmt"/>
        <line num="57" count="1" type="stmt"/>
        <line num="62" count="1" type="stmt"/>
        <line num="63" count="1" type="stmt"/>
        <line num="64" count="1" type="stmt"/>
        <line num="66" count="0" type="stmt"/>
        <line num="72" count="1" type="stmt"/>
        <line num="73" count="1" type="stmt"/>
        <line num="74" count="1" type="stmt"/>
        <line num="75" count="1" type="cond" truecount="2" falsecount="1"/>
        <line num="76" count="0" type="stmt"/>
        <line num="79" count="1" type="stmt"/>
        <line num="80" count="1" type="stmt"/>
        <line num="81" count="1" type="stmt"/>
        <line num="83" count="0" type="stmt"/>
        <line num="90" count="1" type="stmt"/>
      </file>
    </package>
    <package name="src.models">
      <metrics statements="3" coveredstatements="3" conditionals="0" coveredconditionals="0" methods="0" coveredmethods="0"/>
      <file name="post_model.ts" path="C:\Users\yonib\Desktop\Node projects\project1\src\models\post_model.ts">
        <metrics statements="3" coveredstatements="3" conditionals="0" coveredconditionals="0" methods="0" coveredmethods="0"/>
        <line num="1" count="1" type="stmt"/>
        <line num="3" count="1" type="stmt"/>
        <line num="14" count="1" type="stmt"/>
      </file>
    </package>
    <package name="src.routes">
      <metrics statements="8" coveredstatements="8" conditionals="0" coveredconditionals="0" methods="0" coveredmethods="0"/>
      <file name="post_routes.ts" path="C:\Users\yonib\Desktop\Node projects\project1\src\routes\post_routes.ts">
        <metrics statements="8" coveredstatements="8" conditionals="0" coveredconditionals="0" methods="0" coveredmethods="0"/>
        <line num="1" count="1" type="stmt"/>
        <line num="2" count="1" type="stmt"/>
        <line num="3" count="1" type="stmt"/>
        <line num="5" count="1" type="stmt"/>
        <line num="7" count="1" type="stmt"/>
        <line num="9" count="1" type="stmt"/>
        <line num="11" count="1" type="stmt"/>
        <line num="13" count="1" type="stmt"/>
      </file>
    </package>
  </project>
</coverage>
