{"C:\\Users\\yonib\\Desktop\\Node projects\\project1\\server.js": {"path":"C:\\Users\\yonib\\Desktop\\Node projects\\project1\\server.js","statementMap":{"0":{"start":{"line":2,"column":16},"end":{"line":2,"column":34}},"1":{"start":{"line":3,"column":12},"end":{"line":3,"column":21}},"2":{"start":{"line":4,"column":15},"end":{"line":4,"column":41}},"3":{"start":{"line":7,"column":17},"end":{"line":7,"column":36}},"4":{"start":{"line":8,"column":0},"end":{"line":8,"column":67}},"5":{"start":{"line":9,"column":11},"end":{"line":9,"column":30}},"6":{"start":{"line":10,"column":0},"end":{"line":12,"column":3}},"7":{"start":{"line":11,"column":4},"end":{"line":11,"column":22}},"8":{"start":{"line":13,"column":0},"end":{"line":15,"column":2}},"9":{"start":{"line":14,"column":4},"end":{"line":14,"column":37}},"10":{"start":{"line":18,"column":19},"end":{"line":18,"column":41}},"11":{"start":{"line":19,"column":0},"end":{"line":19,"column":65}},"12":{"start":{"line":20,"column":0},"end":{"line":20,"column":27}},"13":{"start":{"line":23,"column":20},"end":{"line":23,"column":51}},"14":{"start":{"line":24,"column":0},"end":{"line":24,"column":29}},"15":{"start":{"line":26,"column":0},"end":{"line":26,"column":20}}},"fnMap":{"0":{"name":"(anonymous_0)","decl":{"start":{"line":10,"column":15},"end":{"line":10,"column":16}},"loc":{"start":{"line":10,"column":22},"end":{"line":12,"column":1}},"line":10},"1":{"name":"(anonymous_1)","decl":{"start":{"line":13,"column":16},"end":{"line":13,"column":17}},"loc":{"start":{"line":13,"column":20},"end":{"line":15,"column":1}},"line":13}},"branchMap":{},"s":{"0":1,"1":1,"2":1,"3":1,"4":1,"5":1,"6":1,"7":0,"8":1,"9":1,"10":1,"11":1,"12":1,"13":1,"14":1,"15":1},"f":{"0":0,"1":1},"b":{},"_coverageSchema":"1a1c01bbd47fc00a2c39e90264f33305004495a9","hash":"b5d3a42692bca8e980c12306a0861f86f1012495"}
,"C:\\Users\\yonib\\Desktop\\Node projects\\project1\\controller\\post.js": {"path":"C:\\Users\\yonib\\Desktop\\Node projects\\project1\\controller\\post.js","statementMap":{"0":{"start":{"line":1,"column":13},"end":{"line":1,"column":44}},"1":{"start":{"line":8,"column":20},"end":{"line":26,"column":1}},"2":{"start":{"line":9,"column":4},"end":{"line":9,"column":30}},"3":{"start":{"line":11,"column":4},"end":{"line":24,"column":5}},"4":{"start":{"line":12,"column":23},"end":{"line":12,"column":39}},"5":{"start":{"line":14,"column":8},"end":{"line":18,"column":9}},"6":{"start":{"line":15,"column":12},"end":{"line":15,"column":54}},"7":{"start":{"line":17,"column":12},"end":{"line":17,"column":37}},"8":{"start":{"line":19,"column":8},"end":{"line":19,"column":35}},"9":{"start":{"line":21,"column":8},"end":{"line":23,"column":10}},"10":{"start":{"line":29,"column":20},"end":{"line":50,"column":1}},"11":{"start":{"line":30,"column":4},"end":{"line":30,"column":50}},"12":{"start":{"line":31,"column":15},"end":{"line":31,"column":28}},"13":{"start":{"line":32,"column":4},"end":{"line":34,"column":5}},"14":{"start":{"line":33,"column":8},"end":{"line":33,"column":61}},"15":{"start":{"line":36,"column":4},"end":{"line":49,"column":5}},"16":{"start":{"line":37,"column":8},"end":{"line":37,"column":38}},"17":{"start":{"line":38,"column":8},"end":{"line":44,"column":9}},"18":{"start":{"line":39,"column":12},"end":{"line":41,"column":14}},"19":{"start":{"line":43,"column":12},"end":{"line":43,"column":38}},"20":{"start":{"line":46,"column":8},"end":{"line":48,"column":10}},"21":{"start":{"line":57,"column":22},"end":{"line":73,"column":1}},"22":{"start":{"line":58,"column":4},"end":{"line":58,"column":25}},"23":{"start":{"line":60,"column":17},"end":{"line":63,"column":6}},"24":{"start":{"line":65,"column":4},"end":{"line":72,"column":5}},"25":{"start":{"line":66,"column":8},"end":{"line":66,"column":35}},"26":{"start":{"line":67,"column":8},"end":{"line":67,"column":37}},"27":{"start":{"line":69,"column":8},"end":{"line":71,"column":10}},"28":{"start":{"line":75,"column":23},"end":{"line":90,"column":1}},"29":{"start":{"line":76,"column":4},"end":{"line":76,"column":53}},"30":{"start":{"line":77,"column":15},"end":{"line":77,"column":28}},"31":{"start":{"line":78,"column":4},"end":{"line":80,"column":5}},"32":{"start":{"line":79,"column":8},"end":{"line":79,"column":61}},"33":{"start":{"line":82,"column":4},"end":{"line":89,"column":5}},"34":{"start":{"line":83,"column":8},"end":{"line":83,"column":40}},"35":{"start":{"line":84,"column":8},"end":{"line":84,"column":30}},"36":{"start":{"line":86,"column":8},"end":{"line":88,"column":10}},"37":{"start":{"line":91,"column":0},"end":{"line":96,"column":1}}},"fnMap":{"0":{"name":"(anonymous_0)","decl":{"start":{"line":8,"column":20},"end":{"line":8,"column":21}},"loc":{"start":{"line":8,"column":40},"end":{"line":26,"column":1}},"line":8},"1":{"name":"(anonymous_1)","decl":{"start":{"line":29,"column":20},"end":{"line":29,"column":21}},"loc":{"start":{"line":29,"column":38},"end":{"line":50,"column":1}},"line":29},"2":{"name":"(anonymous_2)","decl":{"start":{"line":57,"column":22},"end":{"line":57,"column":23}},"loc":{"start":{"line":57,"column":42},"end":{"line":73,"column":1}},"line":57},"3":{"name":"(anonymous_3)","decl":{"start":{"line":75,"column":23},"end":{"line":75,"column":24}},"loc":{"start":{"line":75,"column":41},"end":{"line":90,"column":1}},"line":75}},"branchMap":{"0":{"loc":{"start":{"line":14,"column":8},"end":{"line":18,"column":9}},"type":"if","locations":[{"start":{"line":14,"column":8},"end":{"line":18,"column":9}},{"start":{"line":16,"column":13},"end":{"line":18,"column":9}}],"line":14},"1":{"loc":{"start":{"line":32,"column":4},"end":{"line":34,"column":5}},"type":"if","locations":[{"start":{"line":32,"column":4},"end":{"line":34,"column":5}},{"start":{},"end":{}}],"line":32},"2":{"loc":{"start":{"line":38,"column":8},"end":{"line":44,"column":9}},"type":"if","locations":[{"start":{"line":38,"column":8},"end":{"line":44,"column":9}},{"start":{"line":42,"column":13},"end":{"line":44,"column":9}}],"line":38},"3":{"loc":{"start":{"line":78,"column":4},"end":{"line":80,"column":5}},"type":"if","locations":[{"start":{"line":78,"column":4},"end":{"line":80,"column":5}},{"start":{},"end":{}}],"line":78}},"s":{"0":1,"1":1,"2":2,"3":2,"4":2,"5":2,"6":1,"7":1,"8":2,"9":0,"10":1,"11":2,"12":2,"13":2,"14":0,"15":2,"16":2,"17":2,"18":1,"19":1,"20":0,"21":1,"22":1,"23":1,"24":1,"25":1,"26":1,"27":0,"28":1,"29":1,"30":1,"31":1,"32":0,"33":1,"34":1,"35":1,"36":0,"37":1},"f":{"0":2,"1":2,"2":1,"3":1},"b":{"0":[1,1],"1":[0,2],"2":[1,1],"3":[0,1]},"_coverageSchema":"1a1c01bbd47fc00a2c39e90264f33305004495a9","hash":"702d632447246a44bf2fbe9f5bda731ae7fc317a"}
,"C:\\Users\\yonib\\Desktop\\Node projects\\project1\\models\\post_model.js": {"path":"C:\\Users\\yonib\\Desktop\\Node projects\\project1\\models\\post_model.js","statementMap":{"0":{"start":{"line":1,"column":17},"end":{"line":1,"column":36}},"1":{"start":{"line":3,"column":19},"end":{"line":12,"column":2}},"2":{"start":{"line":14,"column":0},"end":{"line":14,"column":53}}},"fnMap":{},"branchMap":{},"s":{"0":1,"1":1,"2":1},"f":{},"b":{},"_coverageSchema":"1a1c01bbd47fc00a2c39e90264f33305004495a9","hash":"b328dde7d15f75acc21a42037352353395bde011"}
,"C:\\Users\\yonib\\Desktop\\Node projects\\project1\\routes\\post_routes.js": {"path":"C:\\Users\\yonib\\Desktop\\Node projects\\project1\\routes\\post_routes.js","statementMap":{"0":{"start":{"line":1,"column":16},"end":{"line":1,"column":34}},"1":{"start":{"line":2,"column":15},"end":{"line":2,"column":31}},"2":{"start":{"line":3,"column":13},"end":{"line":3,"column":42}},"3":{"start":{"line":5,"column":0},"end":{"line":5,"column":32}},"4":{"start":{"line":7,"column":0},"end":{"line":7,"column":35}},"5":{"start":{"line":9,"column":0},"end":{"line":9,"column":35}},"6":{"start":{"line":11,"column":0},"end":{"line":11,"column":41}},"7":{"start":{"line":13,"column":0},"end":{"line":13,"column":23}}},"fnMap":{},"branchMap":{},"s":{"0":1,"1":1,"2":1,"3":1,"4":1,"5":1,"6":1,"7":1},"f":{},"b":{},"_coverageSchema":"1a1c01bbd47fc00a2c39e90264f33305004495a9","hash":"9151eba625973fa18f987179b0ed464ec6d37cf4"}
}
