TN:
SF:server.js
FN:10,(anonymous_0)
FN:13,(anonymous_1)
FNF:2
FNH:1
FNDA:0,(anonymous_0)
FNDA:1,(anonymous_1)
DA:2,1
DA:3,1
DA:4,1
DA:7,1
DA:8,1
DA:9,1
DA:10,1
DA:11,0
DA:13,1
DA:14,1
DA:18,1
DA:19,1
DA:20,1
DA:23,1
DA:24,1
DA:26,1
LF:16
LH:15
BRF:0
BRH:0
end_of_record
TN:
SF:controller\post.js
FN:8,(anonymous_0)
FN:29,(anonymous_1)
FN:57,(anonymous_2)
FN:75,(anonymous_3)
FNF:4
FNH:4
FNDA:2,(anonymous_0)
FNDA:2,(anonymous_1)
FNDA:1,(anonymous_2)
FNDA:1,(anonymous_3)
DA:1,1
DA:8,1
DA:9,2
DA:11,2
DA:12,2
DA:14,2
DA:15,1
DA:17,1
DA:19,2
DA:21,0
DA:29,1
DA:30,2
DA:31,2
DA:32,2
DA:33,0
DA:36,2
DA:37,2
DA:38,2
DA:39,1
DA:43,1
DA:46,0
DA:57,1
DA:58,1
DA:60,1
DA:65,1
DA:66,1
DA:67,1
DA:69,0
DA:75,1
DA:76,1
DA:77,1
DA:78,1
DA:79,0
DA:82,1
DA:83,1
DA:84,1
DA:86,0
DA:91,1
LF:38
LH:32
BRDA:14,0,0,1
BRDA:14,0,1,1
BRDA:32,1,0,0
BRDA:32,1,1,2
BRDA:38,2,0,1
BRDA:38,2,1,1
BRDA:78,3,0,0
BRDA:78,3,1,1
BRF:8
BRH:6
end_of_record
TN:
SF:models\post_model.js
FNF:0
FNH:0
DA:1,1
DA:3,1
DA:14,1
LF:3
LH:3
BRF:0
BRH:0
end_of_record
TN:
SF:routes\post_routes.js
FNF:0
FNH:0
DA:1,1
DA:2,1
DA:3,1
DA:5,1
DA:7,1
DA:9,1
DA:11,1
DA:13,1
LF:8
LH:8
BRF:0
BRH:0
end_of_record
